<?xml version="1.0" encoding="UTF-8"?>
<testsuite name="Service.CommentServiceTest" tests="11" skipped="0" failures="1" errors="0" timestamp="2022-06-08T15:31:05" hostname="DESKTOP-C87IGSG" time="0.029">
  <properties/>
  <testcase name="addCommentFalse" classname="Service.CommentServiceTest" time="0.015"/>
  <testcase name="readCommentComplete" classname="Service.CommentServiceTest" time="0.008"/>
  <testcase name="readCommentFalse" classname="Service.CommentServiceTest" time="0.0"/>
  <testcase name="deleteCommentFalse" classname="Service.CommentServiceTest" time="0.001"/>
  <testcase name="getById" classname="Service.CommentServiceTest" time="0.0"/>
  <testcase name="editCommentFalse" classname="Service.CommentServiceTest" time="0.0"/>
  <testcase name="addCommentComplete" classname="Service.CommentServiceTest" time="0.0"/>
  <testcase name="deleteCommentComplete" classname="Service.CommentServiceTest" time="0.0"/>
  <testcase name="editCommentComplete" classname="Service.CommentServiceTest" time="0.0"/>
  <testcase name="restoreCommentComplete" classname="Service.CommentServiceTest" time="0.003">
    <failure message="Exception.CommentNotFoundException" type="Exception.CommentNotFoundException">Exception.CommentNotFoundException
	at app//Service.CommentService.restore(CommentService.kt:54)
	at app//Service.CommentServiceTest.restoreCommentComplete(CommentServiceTest.kt:77)
	at java.base@17.0.1/jdk.internal.reflect.NativeMethodAccessorImpl.invoke0(Native Method)
	at java.base@17.0.1/jdk.internal.reflect.NativeMethodAccessorImpl.invoke(NativeMethodAccessorImpl.java:77)
	at java.base@17.0.1/jdk.internal.reflect.DelegatingMethodAccessorImpl.invoke(DelegatingMethodAccessorImpl.java:43)
	at java.base@17.0.1/java.lang.reflect.Method.invoke(Method.java:568)
	at app//org.junit.runners.model.FrameworkMethod$1.runReflectiveCall(FrameworkMethod.java:59)
	at app//org.junit.internal.runners.model.ReflectiveCallable.run(ReflectiveCallable.java:12)
	at app//org.junit.runners.model.FrameworkMethod.invokeExplosively(FrameworkMethod.java:56)
	at app//org.junit.internal.runners.statements.InvokeMethod.evaluate(InvokeMethod.java:17)
	at app//org.junit.internal.runners.statements.RunBefores.evaluate(RunBefores.java:26)
	at app//org.junit.internal.runners.statements.RunAfters.evaluate(RunAfters.java:27)
	at app//org.junit.runners.ParentRunner$3.evaluate(ParentRunner.java:306)
	at app//org.junit.runners.BlockJUnit4ClassRunner$1.evaluate(BlockJUnit4ClassRunner.java:100)
	at app//org.junit.runners.ParentRunner.runLeaf(ParentRunner.java:366)
	at app//org.junit.runners.BlockJUnit4ClassRunner.runChild(BlockJUnit4ClassRunner.java:103)
	at app//org.junit.runners.BlockJUnit4ClassRunner.runChild(BlockJUnit4ClassRunner.java:63)
	at app//org.junit.runners.ParentRunner$4.run(ParentRunner.java:331)
	at app//org.junit.runners.ParentRunner$1.schedule(ParentRunner.java:79)
	at app//org.junit.runners.ParentRunner.runChildren(ParentRunner.java:329)
	at app//org.junit.runners.ParentRunner.access$100(ParentRunner.java:66)
	at app//org.junit.runners.ParentRunner$2.evaluate(ParentRunner.java:293)
	at app//org.junit.runners.ParentRunner$3.evaluate(ParentRunner.java:306)
	at app//org.junit.runners.ParentRunner.run(ParentRunner.java:413)
	at org.gradle.api.internal.tasks.testing.junit.JUnitTestClassExecutor.runTestClass(JUnitTestClassExecutor.java:110)
	at org.gradle.api.internal.tasks.testing.junit.JUnitTestClassExecutor.execute(JUnitTestClassExecutor.java:58)
	at org.gradle.api.internal.tasks.testing.junit.JUnitTestClassExecutor.execute(JUnitTestClassExecutor.java:38)
	at org.gradle.api.internal.tasks.testing.junit.AbstractJUnitTestClassProcessor.processTestClass(AbstractJUnitTestClassProcessor.java:62)
	at org.gradle.api.internal.tasks.testing.SuiteTestClassProcessor.processTestClass(SuiteTestClassProcessor.java:51)
	at java.base@17.0.1/jdk.internal.reflect.NativeMethodAccessorImpl.invoke0(Native Method)
	at java.base@17.0.1/jdk.internal.reflect.NativeMethodAccessorImpl.invoke(NativeMethodAccessorImpl.java:77)
	at java.base@17.0.1/jdk.internal.reflect.DelegatingMethodAccessorImpl.invoke(DelegatingMethodAccessorImpl.java:43)
	at java.base@17.0.1/java.lang.reflect.Method.invoke(Method.java:568)
	at org.gradle.internal.dispatch.ReflectionDispatch.dispatch(ReflectionDispatch.java:36)
	at org.gradle.internal.dispatch.ReflectionDispatch.dispatch(ReflectionDispatch.java:24)
	at org.gradle.internal.dispatch.ContextClassLoaderDispatch.dispatch(ContextClassLoaderDispatch.java:33)
	at org.gradle.internal.dispatch.ProxyDispatchAdapter$DispatchingInvocationHandler.invoke(ProxyDispatchAdapter.java:94)
	at jdk.proxy2/jdk.proxy2.$Proxy5.processTestClass(Unknown Source)
	at org.gradle.api.internal.tasks.testing.worker.TestWorker$2.run(TestWorker.java:176)
	at org.gradle.api.internal.tasks.testing.worker.TestWorker.executeAndMaintainThreadName(TestWorker.java:129)
	at org.gradle.api.internal.tasks.testing.worker.TestWorker.execute(TestWorker.java:100)
	at org.gradle.api.internal.tasks.testing.worker.TestWorker.execute(TestWorker.java:60)
	at org.gradle.process.internal.worker.child.ActionExecutionWorker.execute(ActionExecutionWorker.java:56)
	at org.gradle.process.internal.worker.child.SystemApplicationClassLoaderWorker.call(SystemApplicationClassLoaderWorker.java:133)
	at org.gradle.process.internal.worker.child.SystemApplicationClassLoaderWorker.call(SystemApplicationClassLoaderWorker.java:71)
	at app//worker.org.gradle.process.internal.worker.GradleWorkerMain.run(GradleWorkerMain.java:69)
	at app//worker.org.gradle.process.internal.worker.GradleWorkerMain.main(GradleWorkerMain.java:74)
</failure>
  </testcase>
  <testcase name="restoreCommentFalse" classname="Service.CommentServiceTest" time="0.0"/>
  <system-out><![CDATA[]]></system-out>
  <system-err><![CDATA[]]></system-err>
</testsuite>
